2025-10-18 09:23:38.550  INFO [orders,,,] 1 --- [nio-8080-exec-1] o.a.c.c.C.[Tomcat].[localhost].[/]       : Initializing Spring FrameworkServlet 'dispatcherServlet'
2025-10-18 09:23:38.623  INFO [orders,,,] 1 --- [nio-8080-exec-1] o.s.web.servlet.DispatcherServlet        : FrameworkServlet 'dispatcherServlet': initialization started
2025-10-18 09:23:40.723  INFO [orders,,,] 1 --- [nio-8080-exec-1] o.s.web.servlet.DispatcherServlet        : FrameworkServlet 'dispatcherServlet': initialization completed in 2099 ms
2025-10-18 09:23:43.366  INFO [orders,a36be67a4ef5e635,d77bfb4d906439b0,false] 1 --- [nio-8080-exec-1] w.w.s.o.controllers.OrdersController     : Starting calls addressFuture
2025-10-18 09:23:43.460  INFO [orders,a36be67a4ef5e635,d77bfb4d906439b0,false] 1 --- [nio-8080-exec-1] w.w.s.o.controllers.OrdersController     : Starting calls customerFuture
2025-10-18 09:23:43.461  INFO [orders,a36be67a4ef5e635,d77bfb4d906439b0,false] 1 --- [nio-8080-exec-1] w.w.s.o.controllers.OrdersController     : Starting calls cardFuture
2025-10-18 09:23:43.464  INFO [orders,a36be67a4ef5e635,d77bfb4d906439b0,false] 1 --- [nio-8080-exec-1] w.w.s.o.controllers.OrdersController     : Starting calls itemsFuture
2025-10-18 09:23:43.493  INFO [orders,a36be67a4ef5e635,d77bfb4d906439b0,false] 1 --- [nio-8080-exec-1] w.w.s.o.controllers.OrdersController     : End of calls.
2025-10-18 09:23:43.897  INFO [orders,a36be67a4ef5e635,ecd162b6cbc8ed2c,false] 1 --- [cTaskExecutor-3] w.w.s.orders.services.AsyncGetService    : Requesting: <GET http://user/cards/68f35c679c10d300018b7000,{Accept=[application/hal+json]}>
2025-10-18 09:23:43.896  INFO [orders,a36be67a4ef5e635,fb69492311d47c85,false] 1 --- [cTaskExecutor-1] w.w.s.orders.services.AsyncGetService    : Requesting: <GET http://user/addresses/68f35c679c10d300018b7000,{Accept=[application/hal+json]}>
2025-10-18 09:23:43.897  INFO [orders,a36be67a4ef5e635,ecd162b6cbc8ed2c,false] 1 --- [cTaskExecutor-3] w.w.s.orders.services.AsyncGetService    : Requesting with type: SyntheticParameterizedTypeReference<org.springframework.hateoas.mvc.TypeReferences$SyntheticParameterizedType@36b7ffaa>
2025-10-18 09:23:43.897  INFO [orders,a36be67a4ef5e635,fb69492311d47c85,false] 1 --- [cTaskExecutor-1] w.w.s.orders.services.AsyncGetService    : Requesting with type: SyntheticParameterizedTypeReference<org.springframework.hateoas.mvc.TypeReferences$SyntheticParameterizedType@17d1e627>
2025-10-18 09:23:43.896  INFO [orders,a36be67a4ef5e635,a7a82a1d9a76f660,false] 1 --- [cTaskExecutor-2] w.w.s.orders.services.AsyncGetService    : Requesting: <GET http://user/customers/68f35c679c10d300018b7000,{Accept=[application/hal+json]}>
2025-10-18 09:23:43.957  INFO [orders,a36be67a4ef5e635,a7a82a1d9a76f660,false] 1 --- [cTaskExecutor-2] w.w.s.orders.services.AsyncGetService    : Requesting with type: SyntheticParameterizedTypeReference<org.springframework.hateoas.mvc.TypeReferences$SyntheticParameterizedType@5ca0987>
2025-10-18 09:23:45.164  INFO [orders,a36be67a4ef5e635,fb69492311d47c85,false] 1 --- [cTaskExecutor-1] w.w.s.orders.services.AsyncGetService    : Received: Resource { content: Address{id=null, number='781', street='Banjara hills', city='Hyderabad', country='India', postcode='500008'}, links: [<http://user/addresses/68f35c679c10d300018b7000>;rel="address", <http://user/addresses/68f35c679c10d300018b7000>;rel="self"] }
2025-10-18 09:23:45.164  INFO [orders,a36be67a4ef5e635,ecd162b6cbc8ed2c,false] 1 --- [cTaskExecutor-3] w.w.s.orders.services.AsyncGetService    : Received: Resource { content: Card{id=null, longNum='123456789', expires='12/25', ccv='125'}, links: [<http://user/cards/68f35c679c10d300018b7000>;rel="card", <http://user/cards/68f35c679c10d300018b7000>;rel="self"] }
2025-10-18 09:23:45.165  INFO [orders,a36be67a4ef5e635,a7a82a1d9a76f660,false] 1 --- [cTaskExecutor-2] w.w.s.orders.services.AsyncGetService    : Received: Resource { content: Customer{id=null, firstName='Shah', lastName='Mohammed', username='Rayaan', addresses=[], cards=[]}, links: [<http://user/customers/68f35c679c10d300018b7000/addresses>;rel="addresses", <http://user/customers/68f35c679c10d300018b7000/cards>;rel="cards", <http://user/customers/68f35c679c10d300018b7000>;rel="customer", <http://user/customers/68f35c679c10d300018b7000>;rel="self"] }
2025-10-18 09:23:45.260  INFO [orders,a36be67a4ef5e635,d77bfb4d906439b0,false] 1 --- [nio-8080-exec-1] w.w.s.o.controllers.OrdersController     : Sending payment request: PaymentRequest{address=Address{id=null, number='781', street='Banjara hills', city='Hyderabad', country='India', postcode='500008'}, card=Card{id=null, longNum='123456789', expires='12/25', ccv='125'}, customer=Customer{id=null, firstName='Shah', lastName='Mohammed', username='Rayaan', addresses=[], cards=[]}}
2025-10-18 09:23:45.593  INFO [orders,a36be67a4ef5e635,d77bfb4d906439b0,false] 1 --- [nio-8080-exec-1] w.w.s.o.controllers.OrdersController     : Received payment response: PaymentResponse{authorised=false, message=Payment declined: amount exceeds 105.00}
2025-10-18 09:23:45.997  INFO [orders,a36be67a4ef5e635,a36be67a4ef5e635,false] 1 --- [nio-8080-exec-1] o.s.d.r.w.RepositoryRestHandlerMapping   : Mapped "{[/orders],methods=[POST],consumes=[application/json],produces=[application/hal+json || application/json || application/*+json;charset=UTF-8]}" onto public works.weave.socks.orders.entities.CustomerOrder works.weave.socks.orders.controllers.OrdersController.newOrder(works.weave.socks.orders.resources.NewOrderResource)
2025-10-18 09:23:45.999  INFO [orders,a36be67a4ef5e635,a36be67a4ef5e635,false] 1 --- [nio-8080-exec-1] o.s.d.r.w.RepositoryRestHandlerMapping   : Mapped "{[/ || ],methods=[GET],produces=[application/hal+json || application/json || application/*+json;charset=UTF-8]}" onto public org.springframework.http.HttpEntity<org.springframework.data.rest.webmvc.RepositoryLinksResource> org.springframework.data.rest.webmvc.RepositoryController.listRepositories()
2025-10-18 09:23:45.999  INFO [orders,a36be67a4ef5e635,a36be67a4ef5e635,false] 1 --- [nio-8080-exec-1] o.s.d.r.w.RepositoryRestHandlerMapping   : Mapped "{[/ || ],methods=[OPTIONS],produces=[application/hal+json || application/json || application/*+json;charset=UTF-8]}" onto public org.springframework.http.HttpEntity<?> org.springframework.data.rest.webmvc.RepositoryController.optionsForRepositories()
2025-10-18 09:23:45.999  INFO [orders,a36be67a4ef5e635,a36be67a4ef5e635,false] 1 --- [nio-8080-exec-1] o.s.d.r.w.RepositoryRestHandlerMapping   : Mapped "{[/ || ],methods=[HEAD],produces=[application/hal+json || application/json || application/*+json;charset=UTF-8]}" onto public org.springframework.http.ResponseEntity<?> org.springframework.data.rest.webmvc.RepositoryController.headForRepositories()
2025-10-18 09:23:46.113  INFO [orders,a36be67a4ef5e635,a36be67a4ef5e635,false] 1 --- [nio-8080-exec-1] o.s.d.r.w.RepositoryRestHandlerMapping   : Mapped "{[/{repository}],methods=[OPTIONS],produces=[application/hal+json || application/json || application/*+json;charset=UTF-8]}" onto public org.springframework.http.ResponseEntity<?> org.springframework.data.rest.webmvc.RepositoryEntityController.optionsForCollectionResource(org.springframework.data.rest.webmvc.RootResourceInformation)
2025-10-18 09:23:46.114  INFO [orders,a36be67a4ef5e635,a36be67a4ef5e635,false] 1 --- [nio-8080-exec-1] o.s.d.r.w.RepositoryRestHandlerMapping   : Mapped "{[/{repository}],methods=[HEAD],produces=[application/hal+json || application/json || application/*+json;charset=UTF-8]}" onto public org.springframework.http.ResponseEntity<?> org.springframework.data.rest.webmvc.RepositoryEntityController.headCollectionResource(org.springframework.data.rest.webmvc.RootResourceInformation,org.springframework.data.rest.webmvc.support.DefaultedPageable) throws org.springframework.web.HttpRequestMethodNotSupportedException
2025-10-18 09:23:46.154  INFO [orders,a36be67a4ef5e635,a36be67a4ef5e635,false] 1 --- [nio-8080-exec-1] o.s.d.r.w.RepositoryRestHandlerMapping   : Mapped "{[/{repository}],methods=[GET],produces=[application/hal+json || application/json || application/*+json;charset=UTF-8]}" onto public org.springframework.hateoas.Resources<?> org.springframework.data.rest.webmvc.RepositoryEntityController.getCollectionResource(org.springframework.data.rest.webmvc.RootResourceInformation,org.springframework.data.rest.webmvc.support.DefaultedPageable,org.springframework.data.domain.Sort,org.springframework.data.rest.webmvc.PersistentEntityResourceAssembler) throws org.springframework.data.rest.webmvc.ResourceNotFoundException,org.springframework.web.HttpRequestMethodNotSupportedException
2025-10-18 09:23:46.155  INFO [orders,a36be67a4ef5e635,a36be67a4ef5e635,false] 1 --- [nio-8080-exec-1] o.s.d.r.w.RepositoryRestHandlerMapping   : Mapped "{[/{repository}],methods=[GET],produces=[application/x-spring-data-compact+json || text/uri-list]}" onto public org.springframework.hateoas.Resources<?> org.springframework.data.rest.webmvc.RepositoryEntityController.getCollectionResourceCompact(org.springframework.data.rest.webmvc.RootResourceInformation,org.springframework.data.rest.webmvc.support.DefaultedPageable,org.springframework.data.domain.Sort,org.springframework.data.rest.webmvc.PersistentEntityResourceAssembler) throws org.springframework.data.rest.webmvc.ResourceNotFoundException,org.springframework.web.HttpRequestMethodNotSupportedException
2025-10-18 09:23:46.156  INFO [orders,a36be67a4ef5e635,a36be67a4ef5e635,false] 1 --- [nio-8080-exec-1] o.s.d.r.w.RepositoryRestHandlerMapping   : Mapped "{[/{repository}],methods=[POST],produces=[application/hal+json || application/json || application/*+json;charset=UTF-8]}" onto public org.springframework.http.ResponseEntity<org.springframework.hateoas.ResourceSupport> org.springframework.data.rest.webmvc.RepositoryEntityController.postCollectionResource(org.springframework.data.rest.webmvc.RootResourceInformation,org.springframework.data.rest.webmvc.PersistentEntityResource,org.springframework.data.rest.webmvc.PersistentEntityResourceAssembler,java.lang.String) throws org.springframework.web.HttpRequestMethodNotSupportedException
2025-10-18 09:23:46.156  INFO [orders,a36be67a4ef5e635,a36be67a4ef5e635,false] 1 --- [nio-8080-exec-1] o.s.d.r.w.RepositoryRestHandlerMapping   : Mapped "{[/{repository}/{id}],methods=[OPTIONS],produces=[application/hal+json || application/json || application/*+json;charset=UTF-8]}" onto public org.springframework.http.ResponseEntity<?> org.springframework.data.rest.webmvc.RepositoryEntityController.optionsForItemResource(org.springframework.data.rest.webmvc.RootResourceInformation)
2025-10-18 09:23:46.157  INFO [orders,a36be67a4ef5e635,a36be67a4ef5e635,false] 1 --- [nio-8080-exec-1] o.s.d.r.w.RepositoryRestHandlerMapping   : Mapped "{[/{repository}/{id}],methods=[HEAD],produces=[application/hal+json || application/json || application/*+json;charset=UTF-8]}" onto public org.springframework.http.ResponseEntity<?> org.springframework.data.rest.webmvc.RepositoryEntityController.headForItemResource(org.springframework.data.rest.webmvc.RootResourceInformation,java.io.Serializable,org.springframework.data.rest.webmvc.PersistentEntityResourceAssembler) throws org.springframework.web.HttpRequestMethodNotSupportedException
2025-10-18 09:23:46.157  INFO [orders,a36be67a4ef5e635,a36be67a4ef5e635,false] 1 --- [nio-8080-exec-1] o.s.d.r.w.RepositoryRestHandlerMapping   : Mapped "{[/{repository}/{id}],methods=[GET],produces=[application/hal+json || application/json || application/*+json;charset=UTF-8]}" onto public org.springframework.http.ResponseEntity<org.springframework.hateoas.Resource<?>> org.springframework.data.rest.webmvc.RepositoryEntityController.getItemResource(org.springframework.data.rest.webmvc.RootResourceInformation,java.io.Serializable,org.springframework.data.rest.webmvc.PersistentEntityResourceAssembler,org.springframework.util.MultiValueMap<java.lang.String, java.lang.String>) throws org.springframework.web.HttpRequestMethodNotSupportedException
2025-10-18 09:23:46.158  INFO [orders,a36be67a4ef5e635,a36be67a4ef5e635,false] 1 --- [nio-8080-exec-1] o.s.d.r.w.RepositoryRestHandlerMapping   : Mapped "{[/{repository}/{id}],methods=[PUT],produces=[application/hal+json || application/json || application/*+json;charset=UTF-8]}" onto public org.springframework.http.ResponseEntity<? extends org.springframework.hateoas.ResourceSupport> org.springframework.data.rest.webmvc.RepositoryEntityController.putItemResource(org.springframework.data.rest.webmvc.RootResourceInformation,org.springframework.data.rest.webmvc.PersistentEntityResource,java.io.Serializable,org.springframework.data.rest.webmvc.PersistentEntityResourceAssembler,org.springframework.data.rest.webmvc.support.ETag,java.lang.String) throws org.springframework.web.HttpRequestMethodNotSupportedException
2025-10-18 09:23:46.158  INFO [orders,a36be67a4ef5e635,a36be67a4ef5e635,false] 1 --- [nio-8080-exec-1] o.s.d.r.w.RepositoryRestHandlerMapping   : Mapped "{[/{repository}/{id}],methods=[PATCH],produces=[application/hal+json || application/json || application/*+json;charset=UTF-8]}" onto public org.springframework.http.ResponseEntity<org.springframework.hateoas.ResourceSupport> org.springframework.data.rest.webmvc.RepositoryEntityController.patchItemResource(org.springframework.data.rest.webmvc.RootResourceInformation,org.springframework.data.rest.webmvc.PersistentEntityResource,java.io.Serializable,org.springframework.data.rest.webmvc.PersistentEntityResourceAssembler,org.springframework.data.rest.webmvc.support.ETag,java.lang.String) throws org.springframework.web.HttpRequestMethodNotSupportedException,org.springframework.data.rest.webmvc.ResourceNotFoundException
2025-10-18 09:23:46.160  INFO [orders,a36be67a4ef5e635,a36be67a4ef5e635,false] 1 --- [nio-8080-exec-1] o.s.d.r.w.RepositoryRestHandlerMapping   : Mapped "{[/{repository}/{id}],methods=[DELETE],produces=[application/hal+json || application/json || application/*+json;charset=UTF-8]}" onto public org.springframework.http.ResponseEntity<?> org.springframework.data.rest.webmvc.RepositoryEntityController.deleteItemResource(org.springframework.data.rest.webmvc.RootResourceInformation,java.io.Serializable,org.springframework.data.rest.webmvc.support.ETag) throws org.springframework.data.rest.webmvc.ResourceNotFoundException,org.springframework.web.HttpRequestMethodNotSupportedException
2025-10-18 09:23:46.165  INFO [orders,a36be67a4ef5e635,a36be67a4ef5e635,false] 1 --- [nio-8080-exec-1] o.s.d.r.w.RepositoryRestHandlerMapping   : Mapped "{[/{repository}/{id}/{property}],methods=[GET],produces=[application/hal+json || application/json || application/*+json;charset=UTF-8]}" onto public org.springframework.http.ResponseEntity<org.springframework.hateoas.ResourceSupport> org.springframework.data.rest.webmvc.RepositoryPropertyReferenceController.followPropertyReference(org.springframework.data.rest.webmvc.RootResourceInformation,java.io.Serializable,java.lang.String,org.springframework.data.rest.webmvc.PersistentEntityResourceAssembler) throws java.lang.Exception
2025-10-18 09:23:46.166  INFO [orders,a36be67a4ef5e635,a36be67a4ef5e635,false] 1 --- [nio-8080-exec-1] o.s.d.r.w.RepositoryRestHandlerMapping   : Mapped "{[/{repository}/{id}/{property}/{propertyId}],methods=[GET],produces=[application/hal+json || application/json || application/*+json;charset=UTF-8]}" onto public org.springframework.http.ResponseEntity<org.springframework.hateoas.ResourceSupport> org.springframework.data.rest.webmvc.RepositoryPropertyReferenceController.followPropertyReference(org.springframework.data.rest.webmvc.RootResourceInformation,java.io.Serializable,java.lang.String,java.lang.String,org.springframework.data.rest.webmvc.PersistentEntityResourceAssembler) throws java.lang.Exception
2025-10-18 09:23:46.166  INFO [orders,a36be67a4ef5e635,a36be67a4ef5e635,false] 1 --- [nio-8080-exec-1] o.s.d.r.w.RepositoryRestHandlerMapping   : Mapped "{[/{repository}/{id}/{property}],methods=[DELETE],produces=[application/hal+json || application/json || application/*+json;charset=UTF-8]}" onto public org.springframework.http.ResponseEntity<? extends org.springframework.hateoas.ResourceSupport> org.springframework.data.rest.webmvc.RepositoryPropertyReferenceController.deletePropertyReference(org.springframework.data.rest.webmvc.RootResourceInformation,java.io.Serializable,java.lang.String) throws java.lang.Exception
2025-10-18 09:23:46.167  INFO [orders,a36be67a4ef5e635,a36be67a4ef5e635,false] 1 --- [nio-8080-exec-1] o.s.d.r.w.RepositoryRestHandlerMapping   : Mapped "{[/{repository}/{id}/{property}],methods=[GET],produces=[application/x-spring-data-compact+json || text/uri-list]}" onto public org.springframework.http.ResponseEntity<org.springframework.hateoas.ResourceSupport> org.springframework.data.rest.webmvc.RepositoryPropertyReferenceController.followPropertyReferenceCompact(org.springframework.data.rest.webmvc.RootResourceInformation,java.io.Serializable,java.lang.String,org.springframework.data.rest.webmvc.PersistentEntityResourceAssembler) throws java.lang.Exception
2025-10-18 09:23:46.167  INFO [orders,a36be67a4ef5e635,a36be67a4ef5e635,false] 1 --- [nio-8080-exec-1] o.s.d.r.w.RepositoryRestHandlerMapping   : Mapped "{[/{repository}/{id}/{property}],methods=[PATCH || PUT || POST],consumes=[application/json || application/x-spring-data-compact+json || text/uri-list],produces=[application/hal+json || application/json || application/*+json;charset=UTF-8]}" onto public org.springframework.http.ResponseEntity<? extends org.springframework.hateoas.ResourceSupport> org.springframework.data.rest.webmvc.RepositoryPropertyReferenceController.createPropertyReference(org.springframework.data.rest.webmvc.RootResourceInformation,org.springframework.http.HttpMethod,org.springframework.hateoas.Resources<java.lang.Object>,java.io.Serializable,java.lang.String) throws java.lang.Exception
2025-10-18 09:23:46.167  INFO [orders,a36be67a4ef5e635,a36be67a4ef5e635,false] 1 --- [nio-8080-exec-1] o.s.d.r.w.RepositoryRestHandlerMapping   : Mapped "{[/{repository}/{id}/{property}/{propertyId}],methods=[DELETE],produces=[application/hal+json || application/json || application/*+json;charset=UTF-8]}" onto public org.springframework.http.ResponseEntity<org.springframework.hateoas.ResourceSupport> org.springframework.data.rest.webmvc.RepositoryPropertyReferenceController.deletePropertyReferenceId(org.springframework.data.rest.webmvc.RootResourceInformation,java.io.Serializable,java.lang.String,java.lang.String) throws java.lang.Exception
2025-10-18 09:23:46.194  INFO [orders,a36be67a4ef5e635,a36be67a4ef5e635,false] 1 --- [nio-8080-exec-1] o.s.d.r.w.RepositoryRestHandlerMapping   : Mapped "{[/{repository}/search],methods=[OPTIONS],produces=[application/hal+json || application/json || application/*+json;charset=UTF-8]}" onto public org.springframework.http.HttpEntity<?> org.springframework.data.rest.webmvc.RepositorySearchController.optionsForSearches(org.springframework.data.rest.webmvc.RootResourceInformation)
2025-10-18 09:23:46.194  INFO [orders,a36be67a4ef5e635,a36be67a4ef5e635,false] 1 --- [nio-8080-exec-1] o.s.d.r.w.RepositoryRestHandlerMapping   : Mapped "{[/{repository}/search],methods=[HEAD],produces=[application/hal+json || application/json || application/*+json;charset=UTF-8]}" onto public org.springframework.http.HttpEntity<?> org.springframework.data.rest.webmvc.RepositorySearchController.headForSearches(org.springframework.data.rest.webmvc.RootResourceInformation)
2025-10-18 09:23:46.194  INFO [orders,a36be67a4ef5e635,a36be67a4ef5e635,false] 1 --- [nio-8080-exec-1] o.s.d.r.w.RepositoryRestHandlerMapping   : Mapped "{[/{repository}/search],methods=[GET],produces=[application/hal+json || application/json || application/*+json;charset=UTF-8]}" onto public org.springframework.data.rest.webmvc.RepositorySearchesResource org.springframework.data.rest.webmvc.RepositorySearchController.listSearches(org.springframework.data.rest.webmvc.RootResourceInformation)
2025-10-18 09:23:46.195  INFO [orders,a36be67a4ef5e635,a36be67a4ef5e635,false] 1 --- [nio-8080-exec-1] o.s.d.r.w.RepositoryRestHandlerMapping   : Mapped "{[/{repository}/search/{search}],methods=[GET],produces=[application/hal+json || application/json || application/*+json;charset=UTF-8]}" onto public org.springframework.http.ResponseEntity<java.lang.Object> org.springframework.data.rest.webmvc.RepositorySearchController.executeSearch(org.springframework.data.rest.webmvc.RootResourceInformation,org.springframework.util.MultiValueMap<java.lang.String, java.lang.Object>,java.lang.String,org.springframework.data.rest.webmvc.support.DefaultedPageable,org.springframework.data.domain.Sort,org.springframework.data.rest.webmvc.PersistentEntityResourceAssembler)
2025-10-18 09:23:46.196  INFO [orders,a36be67a4ef5e635,a36be67a4ef5e635,false] 1 --- [nio-8080-exec-1] o.s.d.r.w.RepositoryRestHandlerMapping   : Mapped "{[/{repository}/search/{search}],methods=[GET],produces=[application/x-spring-data-compact+json]}" onto public org.springframework.hateoas.ResourceSupport org.springframework.data.rest.webmvc.RepositorySearchController.executeSearchCompact(org.springframework.data.rest.webmvc.RootResourceInformation,org.springframework.util.MultiValueMap<java.lang.String, java.lang.Object>,java.lang.String,java.lang.String,org.springframework.data.rest.webmvc.support.DefaultedPageable,org.springframework.data.domain.Sort,org.springframework.data.rest.webmvc.PersistentEntityResourceAssembler)
2025-10-18 09:23:46.197  INFO [orders,a36be67a4ef5e635,a36be67a4ef5e635,false] 1 --- [nio-8080-exec-1] o.s.d.r.w.RepositoryRestHandlerMapping   : Mapped "{[/{repository}/search/{search}],methods=[OPTIONS],produces=[application/hal+json || application/json || application/*+json;charset=UTF-8]}" onto public org.springframework.http.ResponseEntity<java.lang.Object> org.springframework.data.rest.webmvc.RepositorySearchController.optionsForSearch(org.springframework.data.rest.webmvc.RootResourceInformation,java.lang.String)
2025-10-18 09:23:46.197  INFO [orders,a36be67a4ef5e635,a36be67a4ef5e635,false] 1 --- [nio-8080-exec-1] o.s.d.r.w.RepositoryRestHandlerMapping   : Mapped "{[/{repository}/search/{search}],methods=[HEAD],produces=[application/hal+json || application/json || application/*+json;charset=UTF-8]}" onto public org.springframework.http.ResponseEntity<java.lang.Object> org.springframework.data.rest.webmvc.RepositorySearchController.headForSearch(org.springframework.data.rest.webmvc.RootResourceInformation,java.lang.String)
2025-10-18 09:23:50.261  INFO [orders,c59e5840c49d4cb5,9d2786e33b772955,false] 1 --- [nio-8080-exec-2] w.w.s.o.controllers.OrdersController     : Starting calls addressFuture
2025-10-18 09:23:50.262  INFO [orders,c59e5840c49d4cb5,9d2786e33b772955,false] 1 --- [nio-8080-exec-2] w.w.s.o.controllers.OrdersController     : Starting calls customerFuture
2025-10-18 09:23:50.262  INFO [orders,c59e5840c49d4cb5,80744311fc327e9a,false] 1 --- [cTaskExecutor-6] w.w.s.orders.services.AsyncGetService    : Requesting: <GET http://user/addresses/68f35c679c10d300018b7000,{Accept=[application/hal+json]}>
2025-10-18 09:23:50.262  INFO [orders,c59e5840c49d4cb5,80744311fc327e9a,false] 1 --- [cTaskExecutor-6] w.w.s.orders.services.AsyncGetService    : Requesting with type: SyntheticParameterizedTypeReference<org.springframework.hateoas.mvc.TypeReferences$SyntheticParameterizedType@1bf561d4>
2025-10-18 09:23:50.263  INFO [orders,c59e5840c49d4cb5,d8de2e5df92cd392,false] 1 --- [cTaskExecutor-7] w.w.s.orders.services.AsyncGetService    : Requesting: <GET http://user/customers/68f35c679c10d300018b7000,{Accept=[application/hal+json]}>
2025-10-18 09:23:50.263  INFO [orders,c59e5840c49d4cb5,d8de2e5df92cd392,false] 1 --- [cTaskExecutor-7] w.w.s.orders.services.AsyncGetService    : Requesting with type: SyntheticParameterizedTypeReference<org.springframework.hateoas.mvc.TypeReferences$SyntheticParameterizedType@6435bfde>
2025-10-18 09:23:50.263  INFO [orders,c59e5840c49d4cb5,9d2786e33b772955,false] 1 --- [nio-8080-exec-2] w.w.s.o.controllers.OrdersController     : Starting calls cardFuture
2025-10-18 09:23:50.264  INFO [orders,c59e5840c49d4cb5,9d2786e33b772955,false] 1 --- [nio-8080-exec-2] w.w.s.o.controllers.OrdersController     : Starting calls itemsFuture
2025-10-18 09:23:50.265  INFO [orders,c59e5840c49d4cb5,9d2786e33b772955,false] 1 --- [nio-8080-exec-2] w.w.s.o.controllers.OrdersController     : End of calls.
2025-10-18 09:23:50.269  INFO [orders,c59e5840c49d4cb5,42997ca5520b88be,false] 1 --- [cTaskExecutor-8] w.w.s.orders.services.AsyncGetService    : Requesting: <GET http://user/cards/68f35c679c10d300018b7000,{Accept=[application/hal+json]}>
2025-10-18 09:23:50.270  INFO [orders,c59e5840c49d4cb5,42997ca5520b88be,false] 1 --- [cTaskExecutor-8] w.w.s.orders.services.AsyncGetService    : Requesting with type: SyntheticParameterizedTypeReference<org.springframework.hateoas.mvc.TypeReferences$SyntheticParameterizedType@43e63b89>
2025-10-18 09:23:50.281  INFO [orders,c59e5840c49d4cb5,80744311fc327e9a,false] 1 --- [cTaskExecutor-6] w.w.s.orders.services.AsyncGetService    : Received: Resource { content: Address{id=null, number='781', street='Banjara hills', city='Hyderabad', country='India', postcode='500008'}, links: [<http://user/addresses/68f35c679c10d300018b7000>;rel="address", <http://user/addresses/68f35c679c10d300018b7000>;rel="self"] }
2025-10-18 09:23:50.357  INFO [orders,c59e5840c49d4cb5,42997ca5520b88be,false] 1 --- [cTaskExecutor-8] w.w.s.orders.services.AsyncGetService    : Received: Resource { content: Card{id=null, longNum='123456789', expires='12/25', ccv='125'}, links: [<http://user/cards/68f35c679c10d300018b7000>;rel="card", <http://user/cards/68f35c679c10d300018b7000>;rel="self"] }
2025-10-18 09:23:50.368  INFO [orders,c59e5840c49d4cb5,d8de2e5df92cd392,false] 1 --- [cTaskExecutor-7] w.w.s.orders.services.AsyncGetService    : Received: Resource { content: Customer{id=null, firstName='Shah', lastName='Mohammed', username='Rayaan', addresses=[], cards=[]}, links: [<http://user/customers/68f35c679c10d300018b7000/addresses>;rel="addresses", <http://user/customers/68f35c679c10d300018b7000/cards>;rel="cards", <http://user/customers/68f35c679c10d300018b7000>;rel="customer", <http://user/customers/68f35c679c10d300018b7000>;rel="self"] }
2025-10-18 09:23:50.569  INFO [orders,c59e5840c49d4cb5,9d2786e33b772955,false] 1 --- [nio-8080-exec-2] w.w.s.o.controllers.OrdersController     : Sending payment request: PaymentRequest{address=Address{id=null, number='781', street='Banjara hills', city='Hyderabad', country='India', postcode='500008'}, card=Card{id=null, longNum='123456789', expires='12/25', ccv='125'}, customer=Customer{id=null, firstName='Shah', lastName='Mohammed', username='Rayaan', addresses=[], cards=[]}}
2025-10-18 09:23:50.582  INFO [orders,c59e5840c49d4cb5,9d2786e33b772955,false] 1 --- [nio-8080-exec-2] w.w.s.o.controllers.OrdersController     : Received payment response: PaymentResponse{authorised=false, message=Payment declined: amount exceeds 105.00}
2025-10-18 09:23:58.462  INFO [orders,3a80d1695a022d3d,baf9a0fc4bff5c8b,false] 1 --- [nio-8080-exec-3] w.w.s.o.controllers.OrdersController     : Starting calls addressFuture
2025-10-18 09:23:58.465  INFO [orders,3a80d1695a022d3d,baf9a0fc4bff5c8b,false] 1 --- [nio-8080-exec-3] w.w.s.o.controllers.OrdersController     : Starting calls customerFuture
2025-10-18 09:23:58.466  INFO [orders,3a80d1695a022d3d,baf9a0fc4bff5c8b,false] 1 --- [nio-8080-exec-3] w.w.s.o.controllers.OrdersController     : Starting calls cardFuture
2025-10-18 09:23:58.467  INFO [orders,3a80d1695a022d3d,baf9a0fc4bff5c8b,false] 1 --- [nio-8080-exec-3] w.w.s.o.controllers.OrdersController     : Starting calls itemsFuture
2025-10-18 09:23:58.467  INFO [orders,3a80d1695a022d3d,db08b3115e15d6ae,false] 1 --- [TaskExecutor-11] w.w.s.orders.services.AsyncGetService    : Requesting: <GET http://user/addresses/68f35c679c10d300018b7000,{Accept=[application/hal+json]}>
2025-10-18 09:23:58.468  INFO [orders,3a80d1695a022d3d,db08b3115e15d6ae,false] 1 --- [TaskExecutor-11] w.w.s.orders.services.AsyncGetService    : Requesting with type: SyntheticParameterizedTypeReference<org.springframework.hateoas.mvc.TypeReferences$SyntheticParameterizedType@5d325cac>
2025-10-18 09:23:58.468  INFO [orders,3a80d1695a022d3d,baf9a0fc4bff5c8b,false] 1 --- [nio-8080-exec-3] w.w.s.o.controllers.OrdersController     : End of calls.
2025-10-18 09:23:58.469  INFO [orders,3a80d1695a022d3d,570830277c6770fd,false] 1 --- [TaskExecutor-12] w.w.s.orders.services.AsyncGetService    : Requesting: <GET http://user/customers/68f35c679c10d300018b7000,{Accept=[application/hal+json]}>
2025-10-18 09:23:58.496  INFO [orders,3a80d1695a022d3d,570830277c6770fd,false] 1 --- [TaskExecutor-12] w.w.s.orders.services.AsyncGetService    : Requesting with type: SyntheticParameterizedTypeReference<org.springframework.hateoas.mvc.TypeReferences$SyntheticParameterizedType@15f0dcd4>
2025-10-18 09:23:58.496  INFO [orders,3a80d1695a022d3d,2fddea7c2af23822,false] 1 --- [TaskExecutor-13] w.w.s.orders.services.AsyncGetService    : Requesting: <GET http://user/cards/68f35c679c10d300018b7000,{Accept=[application/hal+json]}>
2025-10-18 09:23:58.499  INFO [orders,3a80d1695a022d3d,2fddea7c2af23822,false] 1 --- [TaskExecutor-13] w.w.s.orders.services.AsyncGetService    : Requesting with type: SyntheticParameterizedTypeReference<org.springframework.hateoas.mvc.TypeReferences$SyntheticParameterizedType@554e9725>
2025-10-18 09:23:58.596  INFO [orders,3a80d1695a022d3d,2fddea7c2af23822,false] 1 --- [TaskExecutor-13] w.w.s.orders.services.AsyncGetService    : Received: Resource { content: Card{id=null, longNum='123456789', expires='12/25', ccv='125'}, links: [<http://user/cards/68f35c679c10d300018b7000>;rel="card", <http://user/cards/68f35c679c10d300018b7000>;rel="self"] }
2025-10-18 09:23:58.655  INFO [orders,3a80d1695a022d3d,db08b3115e15d6ae,false] 1 --- [TaskExecutor-11] w.w.s.orders.services.AsyncGetService    : Received: Resource { content: Address{id=null, number='781', street='Banjara hills', city='Hyderabad', country='India', postcode='500008'}, links: [<http://user/addresses/68f35c679c10d300018b7000>;rel="address", <http://user/addresses/68f35c679c10d300018b7000>;rel="self"] }
2025-10-18 09:23:58.656  INFO [orders,3a80d1695a022d3d,570830277c6770fd,false] 1 --- [TaskExecutor-12] w.w.s.orders.services.AsyncGetService    : Received: Resource { content: Customer{id=null, firstName='Shah', lastName='Mohammed', username='Rayaan', addresses=[], cards=[]}, links: [<http://user/customers/68f35c679c10d300018b7000/addresses>;rel="addresses", <http://user/customers/68f35c679c10d300018b7000/cards>;rel="cards", <http://user/customers/68f35c679c10d300018b7000>;rel="customer", <http://user/customers/68f35c679c10d300018b7000>;rel="self"] }
2025-10-18 09:23:58.666  INFO [orders,3a80d1695a022d3d,baf9a0fc4bff5c8b,false] 1 --- [nio-8080-exec-3] w.w.s.o.controllers.OrdersController     : Sending payment request: PaymentRequest{address=Address{id=null, number='781', street='Banjara hills', city='Hyderabad', country='India', postcode='500008'}, card=Card{id=null, longNum='123456789', expires='12/25', ccv='125'}, customer=Customer{id=null, firstName='Shah', lastName='Mohammed', username='Rayaan', addresses=[], cards=[]}}
2025-10-18 09:23:58.694  INFO [orders,3a80d1695a022d3d,baf9a0fc4bff5c8b,false] 1 --- [nio-8080-exec-3] w.w.s.o.controllers.OrdersController     : Received payment response: PaymentResponse{authorised=true, message=Payment authorised}
java.util.concurrent.TimeoutException
	at java.base/java.util.concurrent.FutureTask.get(FutureTask.java:204)
	at works.weave.socks.orders.controllers.OrdersController.newOrder(OrdersController.java:117)
	at java.base/jdk.internal.reflect.NativeMethodAccessorImpl.invoke0(Native Method)
	at java.base/jdk.internal.reflect.NativeMethodAccessorImpl.invoke(NativeMethodAccessorImpl.java:62)
	at java.base/jdk.internal.reflect.DelegatingMethodAccessorImpl.invoke(DelegatingMethodAccessorImpl.java:43)
	at java.base/java.lang.reflect.Method.invoke(Method.java:566)
	at org.springframework.web.method.support.InvocableHandlerMethod.doInvoke(InvocableHandlerMethod.java:205)
	at org.springframework.web.method.support.InvocableHandlerMethod.invokeForRequest(InvocableHandlerMethod.java:133)
	at org.springframework.web.servlet.mvc.method.annotation.ServletInvocableHandlerMethod.invokeAndHandle(ServletInvocableHandlerMethod.java:116)
	at org.springframework.web.servlet.mvc.method.annotation.RequestMappingHandlerAdapter.invokeHandlerMethod(RequestMappingHandlerAdapter.java:827)
	at org.springframework.web.servlet.mvc.method.annotation.RequestMappingHandlerAdapter.handleInternal(RequestMappingHandlerAdapter.java:738)
	at org.springframework.web.servlet.mvc.method.AbstractHandlerMethodAdapter.handle(AbstractHandlerMethodAdapter.java:85)
	at org.springframework.web.servlet.DispatcherServlet.doDispatch(DispatcherServlet.java:963)
	at org.springframework.web.servlet.DispatcherServlet.doService(DispatcherServlet.java:897)
	at org.springframework.web.servlet.FrameworkServlet.processRequest(FrameworkServlet.java:970)
	at org.springframework.web.servlet.FrameworkServlet.doPost(FrameworkServlet.java:872)
	at javax.servlet.http.HttpServlet.service(HttpServlet.java:648)
	at org.springframework.web.servlet.FrameworkServlet.service(FrameworkServlet.java:846)
	at javax.servlet.http.HttpServlet.service(HttpServlet.java:729)
	at org.apache.catalina.core.ApplicationFilterChain.internalDoFilter(ApplicationFilterChain.java:230)
	at org.apache.catalina.core.ApplicationFilterChain.doFilter(ApplicationFilterChain.java:165)
	at org.apache.tomcat.websocket.server.WsFilter.doFilter(WsFilter.java:52)
	at org.apache.catalina.core.ApplicationFilterChain.internalDoFilter(ApplicationFilterChain.java:192)
	at org.apache.catalina.core.ApplicationFilterChain.doFilter(ApplicationFilterChain.java:165)
	at org.springframework.boot.web.filter.ApplicationContextHeaderFilter.doFilterInternal(ApplicationContextHeaderFilter.java:55)
	at org.springframework.web.filter.OncePerRequestFilter.doFilter(OncePerRequestFilter.java:107)
	at org.apache.catalina.core.ApplicationFilterChain.internalDoFilter(ApplicationFilterChain.java:192)
	at org.apache.catalina.core.ApplicationFilterChain.doFilter(ApplicationFilterChain.java:165)
	at org.springframework.boot.actuate.trace.WebRequestTraceFilter.doFilterInternal(WebRequestTraceFilter.java:105)
	at org.springframework.web.filter.OncePerRequestFilter.doFilter(OncePerRequestFilter.java:107)
	at org.apache.catalina.core.ApplicationFilterChain.internalDoFilter(ApplicationFilterChain.java:192)
	at org.apache.catalina.core.ApplicationFilterChain.doFilter(ApplicationFilterChain.java:165)
	at org.springframework.web.filter.RequestContextFilter.doFilterInternal(RequestContextFilter.java:99)
	at org.springframework.web.filter.OncePerRequestFilter.doFilter(OncePerRequestFilter.java:107)
	at org.apache.catalina.core.ApplicationFilterChain.internalDoFilter(ApplicationFilterChain.java:192)
	at org.apache.catalina.core.ApplicationFilterChain.doFilter(ApplicationFilterChain.java:165)
	at org.springframework.web.filter.HttpPutFormContentFilter.doFilterInternal(HttpPutFormContentFilter.java:105)
	at org.springframework.web.filter.OncePerRequestFilter.doFilter(OncePerRequestFilter.java:107)
	at org.apache.catalina.core.ApplicationFilterChain.internalDoFilter(ApplicationFilterChain.java:192)
	at org.apache.catalina.core.ApplicationFilterChain.doFilter(ApplicationFilterChain.java:165)
	at org.springframework.web.filter.HiddenHttpMethodFilter.doFilterInternal(HiddenHttpMethodFilter.java:81)
	at org.springframework.web.filter.OncePerRequestFilter.doFilter(OncePerRequestFilter.java:107)
	at org.apache.catalina.core.ApplicationFilterChain.internalDoFilter(ApplicationFilterChain.java:192)
	at org.apache.catalina.core.ApplicationFilterChain.doFilter(ApplicationFilterChain.java:165)
	at org.springframework.cloud.sleuth.instrument.web.TraceFilter.doFilter(TraceFilter.java:141)
	at org.apache.catalina.core.ApplicationFilterChain.internalDoFilter(ApplicationFilterChain.java:192)
	at org.apache.catalina.core.ApplicationFilterChain.doFilter(ApplicationFilterChain.java:165)
	at org.springframework.web.filter.CharacterEncodingFilter.doFilterInternal(CharacterEncodingFilter.java:197)
	at org.springframework.web.filter.OncePerRequestFilter.doFilter(OncePerRequestFilter.java:107)
	at org.apache.catalina.core.ApplicationFilterChain.internalDoFilter(ApplicationFilterChain.java:192)
	at org.apache.catalina.core.ApplicationFilterChain.doFilter(ApplicationFilterChain.java:165)
	at org.springframework.boot.actuate.autoconfigure.MetricsFilter.doFilterInternal(MetricsFilter.java:106)
	at org.springframework.web.filter.OncePerRequestFilter.doFilter(OncePerRequestFilter.java:107)
	at org.apache.catalina.core.ApplicationFilterChain.internalDoFilter(ApplicationFilterChain.java:192)
	at org.apache.catalina.core.ApplicationFilterChain.doFilter(ApplicationFilterChain.java:165)
	at org.apache.catalina.core.StandardWrapperValve.invoke(StandardWrapperValve.java:198)
	at org.apache.catalina.core.StandardContextValve.invoke(StandardContextValve.java:96)
	at org.apache.catalina.authenticator.AuthenticatorBase.invoke(AuthenticatorBase.java:474)
	at org.apache.catalina.core.StandardHostValve.invoke(StandardHostValve.java:140)
	at org.apache.catalina.valves.ErrorReportValve.invoke(ErrorReportValve.java:79)
	at org.apache.catalina.core.StandardEngineValve.invoke(StandardEngineValve.java:87)
	at org.apache.catalina.connector.CoyoteAdapter.service(CoyoteAdapter.java:349)
	at org.apache.coyote.http11.Http11Processor.service(Http11Processor.java:783)
	at org.apache.coyote.AbstractProcessorLight.process(AbstractProcessorLight.java:66)
	at org.apache.coyote.AbstractProtocol$ConnectionHandler.process(AbstractProtocol.java:798)
	at org.apache.tomcat.util.net.NioEndpoint$SocketProcessor.doRun(NioEndpoint.java:1434)
	at org.apache.tomcat.util.net.SocketProcessorBase.run(SocketProcessorBase.java:49)
	at java.base/java.util.concurrent.ThreadPoolExecutor.runWorker(ThreadPoolExecutor.java:1128)
	at java.base/java.util.concurrent.ThreadPoolExecutor$Worker.run(ThreadPoolExecutor.java:628)
	at org.apache.tomcat.util.threads.TaskThread$WrappingRunnable.run(TaskThread.java:61)
	at java.base/java.lang.Thread.run(Thread.java:829)
2025-10-18 09:24:03.805 ERROR [orders,,,] 1 --- [nio-8080-exec-3] o.a.c.c.C.[.[.[/].[dispatcherServlet]    : Servlet.service() for servlet [dispatcherServlet] in context with path [] threw exception [Request processing failed; nested exception is java.lang.IllegalStateException: Unable to create order due to timeout from one of the services.] with root cause

java.util.concurrent.TimeoutException: null
	at java.base/java.util.concurrent.FutureTask.get(FutureTask.java:204) ~[na:na]
	at works.weave.socks.orders.controllers.OrdersController.newOrder(OrdersController.java:117) ~[classes!/:1.4.4.RELEASE]
	at java.base/jdk.internal.reflect.NativeMethodAccessorImpl.invoke0(Native Method) ~[na:na]
	at java.base/jdk.internal.reflect.NativeMethodAccessorImpl.invoke(NativeMethodAccessorImpl.java:62) ~[na:na]
	at java.base/jdk.internal.reflect.DelegatingMethodAccessorImpl.invoke(DelegatingMethodAccessorImpl.java:43) ~[na:na]
	at java.base/java.lang.reflect.Method.invoke(Method.java:566) ~[na:na]
	at org.springframework.web.method.support.InvocableHandlerMethod.doInvoke(InvocableHandlerMethod.java:205) ~[spring-web-4.3.6.RELEASE.jar!/:4.3.6.RELEASE]
	at org.springframework.web.method.support.InvocableHandlerMethod.invokeForRequest(InvocableHandlerMethod.java:133) ~[spring-web-4.3.6.RELEASE.jar!/:4.3.6.RELEASE]
	at org.springframework.web.servlet.mvc.method.annotation.ServletInvocableHandlerMethod.invokeAndHandle(ServletInvocableHandlerMethod.java:116) ~[spring-webmvc-4.3.6.RELEASE.jar!/:4.3.6.RELEASE]
	at org.springframework.web.servlet.mvc.method.annotation.RequestMappingHandlerAdapter.invokeHandlerMethod(RequestMappingHandlerAdapter.java:827) ~[spring-webmvc-4.3.6.RELEASE.jar!/:4.3.6.RELEASE]
	at org.springframework.web.servlet.mvc.method.annotation.RequestMappingHandlerAdapter.handleInternal(RequestMappingHandlerAdapter.java:738) ~[spring-webmvc-4.3.6.RELEASE.jar!/:4.3.6.RELEASE]
	at org.springframework.web.servlet.mvc.method.AbstractHandlerMethodAdapter.handle(AbstractHandlerMethodAdapter.java:85) ~[spring-webmvc-4.3.6.RELEASE.jar!/:4.3.6.RELEASE]
	at org.springframework.web.servlet.DispatcherServlet.doDispatch(DispatcherServlet.java:963) ~[spring-webmvc-4.3.6.RELEASE.jar!/:4.3.6.RELEASE]
	at org.springframework.web.servlet.DispatcherServlet.doService(DispatcherServlet.java:897) ~[spring-webmvc-4.3.6.RELEASE.jar!/:4.3.6.RELEASE]
	at org.springframework.web.servlet.FrameworkServlet.processRequest(FrameworkServlet.java:970) ~[spring-webmvc-4.3.6.RELEASE.jar!/:4.3.6.RELEASE]
	at org.springframework.web.servlet.FrameworkServlet.doPost(FrameworkServlet.java:872) ~[spring-webmvc-4.3.6.RELEASE.jar!/:4.3.6.RELEASE]
	at javax.servlet.http.HttpServlet.service(HttpServlet.java:648) ~[tomcat-embed-core-8.5.11.jar!/:8.5.11]
	at org.springframework.web.servlet.FrameworkServlet.service(FrameworkServlet.java:846) ~[spring-webmvc-4.3.6.RELEASE.jar!/:4.3.6.RELEASE]
	at javax.servlet.http.HttpServlet.service(HttpServlet.java:729) ~[tomcat-embed-core-8.5.11.jar!/:8.5.11]
	at org.apache.catalina.core.ApplicationFilterChain.internalDoFilter(ApplicationFilterChain.java:230) ~[tomcat-embed-core-8.5.11.jar!/:8.5.11]
	at org.apache.catalina.core.ApplicationFilterChain.doFilter(ApplicationFilterChain.java:165) ~[tomcat-embed-core-8.5.11.jar!/:8.5.11]
	at org.apache.tomcat.websocket.server.WsFilter.doFilter(WsFilter.java:52) ~[tomcat-embed-websocket-8.5.11.jar!/:8.5.11]
	at org.apache.catalina.core.ApplicationFilterChain.internalDoFilter(ApplicationFilterChain.java:192) ~[tomcat-embed-core-8.5.11.jar!/:8.5.11]
	at org.apache.catalina.core.ApplicationFilterChain.doFilter(ApplicationFilterChain.java:165) ~[tomcat-embed-core-8.5.11.jar!/:8.5.11]
	at org.springframework.boot.web.filter.ApplicationContextHeaderFilter.doFilterInternal(ApplicationContextHeaderFilter.java:55) ~[spring-boot-1.4.4.RELEASE.jar!/:1.4.4.RELEASE]
	at org.springframework.web.filter.OncePerRequestFilter.doFilter(OncePerRequestFilter.java:107) ~[spring-web-4.3.6.RELEASE.jar!/:4.3.6.RELEASE]
	at org.apache.catalina.core.ApplicationFilterChain.internalDoFilter(ApplicationFilterChain.java:192) ~[tomcat-embed-core-8.5.11.jar!/:8.5.11]
	at org.apache.catalina.core.ApplicationFilterChain.doFilter(ApplicationFilterChain.java:165) ~[tomcat-embed-core-8.5.11.jar!/:8.5.11]
	at org.springframework.boot.actuate.trace.WebRequestTraceFilter.doFilterInternal(WebRequestTraceFilter.java:105) ~[spring-boot-actuator-1.4.4.RELEASE.jar!/:1.4.4.RELEASE]
	at org.springframework.web.filter.OncePerRequestFilter.doFilter(OncePerRequestFilter.java:107) ~[spring-web-4.3.6.RELEASE.jar!/:4.3.6.RELEASE]
	at org.apache.catalina.core.ApplicationFilterChain.internalDoFilter(ApplicationFilterChain.java:192) ~[tomcat-embed-core-8.5.11.jar!/:8.5.11]
	at org.apache.catalina.core.ApplicationFilterChain.doFilter(ApplicationFilterChain.java:165) ~[tomcat-embed-core-8.5.11.jar!/:8.5.11]
	at org.springframework.web.filter.RequestContextFilter.doFilterInternal(RequestContextFilter.java:99) ~[spring-web-4.3.6.RELEASE.jar!/:4.3.6.RELEASE]
	at org.springframework.web.filter.OncePerRequestFilter.doFilter(OncePerRequestFilter.java:107) ~[spring-web-4.3.6.RELEASE.jar!/:4.3.6.RELEASE]
	at org.apache.catalina.core.ApplicationFilterChain.internalDoFilter(ApplicationFilterChain.java:192) ~[tomcat-embed-core-8.5.11.jar!/:8.5.11]
	at org.apache.catalina.core.ApplicationFilterChain.doFilter(ApplicationFilterChain.java:165) ~[tomcat-embed-core-8.5.11.jar!/:8.5.11]
	at org.springframework.web.filter.HttpPutFormContentFilter.doFilterInternal(HttpPutFormContentFilter.java:105) ~[spring-web-4.3.6.RELEASE.jar!/:4.3.6.RELEASE]
	at org.springframework.web.filter.OncePerRequestFilter.doFilter(OncePerRequestFilter.java:107) ~[spring-web-4.3.6.RELEASE.jar!/:4.3.6.RELEASE]
	at org.apache.catalina.core.ApplicationFilterChain.internalDoFilter(ApplicationFilterChain.java:192) ~[tomcat-embed-core-8.5.11.jar!/:8.5.11]
	at org.apache.catalina.core.ApplicationFilterChain.doFilter(ApplicationFilterChain.java:165) ~[tomcat-embed-core-8.5.11.jar!/:8.5.11]
	at org.springframework.web.filter.HiddenHttpMethodFilter.doFilterInternal(HiddenHttpMethodFilter.java:81) ~[spring-web-4.3.6.RELEASE.jar!/:4.3.6.RELEASE]
	at org.springframework.web.filter.OncePerRequestFilter.doFilter(OncePerRequestFilter.java:107) ~[spring-web-4.3.6.RELEASE.jar!/:4.3.6.RELEASE]
	at org.apache.catalina.core.ApplicationFilterChain.internalDoFilter(ApplicationFilterChain.java:192) ~[tomcat-embed-core-8.5.11.jar!/:8.5.11]
	at org.apache.catalina.core.ApplicationFilterChain.doFilter(ApplicationFilterChain.java:165) ~[tomcat-embed-core-8.5.11.jar!/:8.5.11]
	at org.springframework.cloud.sleuth.instrument.web.TraceFilter.doFilter(TraceFilter.java:141) ~[spring-cloud-sleuth-core-1.1.0.RELEASE.jar!/:1.1.0.RELEASE]
	at org.apache.catalina.core.ApplicationFilterChain.internalDoFilter(ApplicationFilterChain.java:192) ~[tomcat-embed-core-8.5.11.jar!/:8.5.11]
	at org.apache.catalina.core.ApplicationFilterChain.doFilter(ApplicationFilterChain.java:165) ~[tomcat-embed-core-8.5.11.jar!/:8.5.11]
	at org.springframework.web.filter.CharacterEncodingFilter.doFilterInternal(CharacterEncodingFilter.java:197) ~[spring-web-4.3.6.RELEASE.jar!/:4.3.6.RELEASE]
	at org.springframework.web.filter.OncePerRequestFilter.doFilter(OncePerRequestFilter.java:107) ~[spring-web-4.3.6.RELEASE.jar!/:4.3.6.RELEASE]
	at org.apache.catalina.core.ApplicationFilterChain.internalDoFilter(ApplicationFilterChain.java:192) ~[tomcat-embed-core-8.5.11.jar!/:8.5.11]
	at org.apache.catalina.core.ApplicationFilterChain.doFilter(ApplicationFilterChain.java:165) ~[tomcat-embed-core-8.5.11.jar!/:8.5.11]
	at org.springframework.boot.actuate.autoconfigure.MetricsFilter.doFilterInternal(MetricsFilter.java:106) ~[spring-boot-actuator-1.4.4.RELEASE.jar!/:1.4.4.RELEASE]
	at org.springframework.web.filter.OncePerRequestFilter.doFilter(OncePerRequestFilter.java:107) ~[spring-web-4.3.6.RELEASE.jar!/:4.3.6.RELEASE]
	at org.apache.catalina.core.ApplicationFilterChain.internalDoFilter(ApplicationFilterChain.java:192) ~[tomcat-embed-core-8.5.11.jar!/:8.5.11]
	at org.apache.catalina.core.ApplicationFilterChain.doFilter(ApplicationFilterChain.java:165) ~[tomcat-embed-core-8.5.11.jar!/:8.5.11]
	at org.apache.catalina.core.StandardWrapperValve.invoke(StandardWrapperValve.java:198) ~[tomcat-embed-core-8.5.11.jar!/:8.5.11]
	at org.apache.catalina.core.StandardContextValve.invoke(StandardContextValve.java:96) ~[tomcat-embed-core-8.5.11.jar!/:8.5.11]
	at org.apache.catalina.authenticator.AuthenticatorBase.invoke(AuthenticatorBase.java:474) ~[tomcat-embed-core-8.5.11.jar!/:8.5.11]
	at org.apache.catalina.core.StandardHostValve.invoke(StandardHostValve.java:140) ~[tomcat-embed-core-8.5.11.jar!/:8.5.11]
	at org.apache.catalina.valves.ErrorReportValve.invoke(ErrorReportValve.java:79) ~[tomcat-embed-core-8.5.11.jar!/:8.5.11]
	at org.apache.catalina.core.StandardEngineValve.invoke(StandardEngineValve.java:87) ~[tomcat-embed-core-8.5.11.jar!/:8.5.11]
	at org.apache.catalina.connector.CoyoteAdapter.service(CoyoteAdapter.java:349) ~[tomcat-embed-core-8.5.11.jar!/:8.5.11]
	at org.apache.coyote.http11.Http11Processor.service(Http11Processor.java:783) ~[tomcat-embed-core-8.5.11.jar!/:8.5.11]
	at org.apache.coyote.AbstractProcessorLight.process(AbstractProcessorLight.java:66) ~[tomcat-embed-core-8.5.11.jar!/:8.5.11]
	at org.apache.coyote.AbstractProtocol$ConnectionHandler.process(AbstractProtocol.java:798) ~[tomcat-embed-core-8.5.11.jar!/:8.5.11]
	at org.apache.tomcat.util.net.NioEndpoint$SocketProcessor.doRun(NioEndpoint.java:1434) ~[tomcat-embed-core-8.5.11.jar!/:8.5.11]
	at org.apache.tomcat.util.net.SocketProcessorBase.run(SocketProcessorBase.java:49) ~[tomcat-embed-core-8.5.11.jar!/:8.5.11]
	at java.base/java.util.concurrent.ThreadPoolExecutor.runWorker(ThreadPoolExecutor.java:1128) ~[na:na]
	at java.base/java.util.concurrent.ThreadPoolExecutor$Worker.run(ThreadPoolExecutor.java:628) ~[na:na]
	at org.apache.tomcat.util.threads.TaskThread$WrappingRunnable.run(TaskThread.java:61) ~[tomcat-embed-core-8.5.11.jar!/:8.5.11]
	at java.base/java.lang.Thread.run(Thread.java:829) ~[na:na]

2025-10-18 09:24:05.689  INFO [orders,c4e66ff483207a30,251e7f9abfb825b3,false] 1 --- [nio-8080-exec-4] org.mongodb.driver.connection            : Opened connection [connectionId{localValue:2, serverValue:2}] to orders-db:27017
2025-10-18 09:24:28.407  INFO [orders,26e8cab6a03d9eb9,8c679e8d50a99b38,false] 1 --- [nio-8080-exec-7] w.w.s.o.controllers.OrdersController     : Starting calls addressFuture
2025-10-18 09:24:28.409  INFO [orders,26e8cab6a03d9eb9,8c679e8d50a99b38,false] 1 --- [nio-8080-exec-7] w.w.s.o.controllers.OrdersController     : Starting calls customerFuture
2025-10-18 09:24:28.410  INFO [orders,26e8cab6a03d9eb9,8c679e8d50a99b38,false] 1 --- [nio-8080-exec-7] w.w.s.o.controllers.OrdersController     : Starting calls cardFuture
2025-10-18 09:24:28.411  INFO [orders,26e8cab6a03d9eb9,8c679e8d50a99b38,false] 1 --- [nio-8080-exec-7] w.w.s.o.controllers.OrdersController     : Starting calls itemsFuture
2025-10-18 09:24:28.412  INFO [orders,26e8cab6a03d9eb9,e87ae174c4d9ce62,false] 1 --- [TaskExecutor-18] w.w.s.orders.services.AsyncGetService    : Requesting: <GET http://user/customers/68f35c679c10d300018b7000,{Accept=[application/hal+json]}>
2025-10-18 09:24:28.412  INFO [orders,26e8cab6a03d9eb9,902a198aa341e782,false] 1 --- [TaskExecutor-19] w.w.s.orders.services.AsyncGetService    : Requesting: <GET http://user/cards/68f35c679c10d300018b7000,{Accept=[application/hal+json]}>
2025-10-18 09:24:28.412  INFO [orders,26e8cab6a03d9eb9,3b87c77e8af42720,false] 1 --- [TaskExecutor-17] w.w.s.orders.services.AsyncGetService    : Requesting: <GET http://user/addresses/68f35c679c10d300018b7000,{Accept=[application/hal+json]}>
2025-10-18 09:24:28.413  INFO [orders,26e8cab6a03d9eb9,e87ae174c4d9ce62,false] 1 --- [TaskExecutor-18] w.w.s.orders.services.AsyncGetService    : Requesting with type: SyntheticParameterizedTypeReference<org.springframework.hateoas.mvc.TypeReferences$SyntheticParameterizedType@3854a0b7>
2025-10-18 09:24:28.413  INFO [orders,26e8cab6a03d9eb9,902a198aa341e782,false] 1 --- [TaskExecutor-19] w.w.s.orders.services.AsyncGetService    : Requesting with type: SyntheticParameterizedTypeReference<org.springframework.hateoas.mvc.TypeReferences$SyntheticParameterizedType@789dcc47>
2025-10-18 09:24:28.413  INFO [orders,26e8cab6a03d9eb9,3b87c77e8af42720,false] 1 --- [TaskExecutor-17] w.w.s.orders.services.AsyncGetService    : Requesting with type: SyntheticParameterizedTypeReference<org.springframework.hateoas.mvc.TypeReferences$SyntheticParameterizedType@43714d23>
2025-10-18 09:24:28.416  INFO [orders,26e8cab6a03d9eb9,8c679e8d50a99b38,false] 1 --- [nio-8080-exec-7] w.w.s.o.controllers.OrdersController     : End of calls.
2025-10-18 09:24:28.502  INFO [orders,26e8cab6a03d9eb9,902a198aa341e782,false] 1 --- [TaskExecutor-19] w.w.s.orders.services.AsyncGetService    : Received: Resource { content: Card{id=null, longNum='123456789', expires='12/25', ccv='125'}, links: [<http://user/cards/68f35c679c10d300018b7000>;rel="card", <http://user/cards/68f35c679c10d300018b7000>;rel="self"] }
2025-10-18 09:24:28.502  INFO [orders,26e8cab6a03d9eb9,e87ae174c4d9ce62,false] 1 --- [TaskExecutor-18] w.w.s.orders.services.AsyncGetService    : Received: Resource { content: Customer{id=null, firstName='Shah', lastName='Mohammed', username='Rayaan', addresses=[], cards=[]}, links: [<http://user/customers/68f35c679c10d300018b7000/addresses>;rel="addresses", <http://user/customers/68f35c679c10d300018b7000/cards>;rel="cards", <http://user/customers/68f35c679c10d300018b7000>;rel="customer", <http://user/customers/68f35c679c10d300018b7000>;rel="self"] }
2025-10-18 09:24:28.502  INFO [orders,26e8cab6a03d9eb9,3b87c77e8af42720,false] 1 --- [TaskExecutor-17] w.w.s.orders.services.AsyncGetService    : Received: Resource { content: Address{id=null, number='781', street='Banjara hills', city='Hyderabad', country='India', postcode='500008'}, links: [<http://user/addresses/68f35c679c10d300018b7000>;rel="address", <http://user/addresses/68f35c679c10d300018b7000>;rel="self"] }
2025-10-18 09:24:28.524  INFO [orders,26e8cab6a03d9eb9,8c679e8d50a99b38,false] 1 --- [nio-8080-exec-7] w.w.s.o.controllers.OrdersController     : Sending payment request: PaymentRequest{address=Address{id=null, number='781', street='Banjara hills', city='Hyderabad', country='India', postcode='500008'}, card=Card{id=null, longNum='123456789', expires='12/25', ccv='125'}, customer=Customer{id=null, firstName='Shah', lastName='Mohammed', username='Rayaan', addresses=[], cards=[]}}
2025-10-18 09:24:28.532  INFO [orders,26e8cab6a03d9eb9,8c679e8d50a99b38,false] 1 --- [nio-8080-exec-7] w.w.s.o.controllers.OrdersController     : Received payment response: PaymentResponse{authorised=true, message=Payment authorised}
2025-10-18 09:33:52.258  INFO [orders,6c52dfb366a22969,28990a332203cc72,false] 1 --- [io-8080-exec-10] w.w.s.o.controllers.OrdersController     : Starting calls addressFuture
2025-10-18 09:33:52.331  INFO [orders,6c52dfb366a22969,28990a332203cc72,false] 1 --- [io-8080-exec-10] w.w.s.o.controllers.OrdersController     : Starting calls customerFuture
2025-10-18 09:33:52.333  INFO [orders,6c52dfb366a22969,28990a332203cc72,false] 1 --- [io-8080-exec-10] w.w.s.o.controllers.OrdersController     : Starting calls cardFuture
2025-10-18 09:33:52.336  INFO [orders,6c52dfb366a22969,28990a332203cc72,false] 1 --- [io-8080-exec-10] w.w.s.o.controllers.OrdersController     : Starting calls itemsFuture
2025-10-18 09:33:52.347  INFO [orders,6c52dfb366a22969,28990a332203cc72,false] 1 --- [io-8080-exec-10] w.w.s.o.controllers.OrdersController     : End of calls.
2025-10-18 09:33:52.348  INFO [orders,6c52dfb366a22969,f0ded64c67a3732b,false] 1 --- [TaskExecutor-25] w.w.s.orders.services.AsyncGetService    : Requesting: <GET http://user/cards/68f35ed59c10d300018b7011,{Accept=[application/hal+json]}>
2025-10-18 09:33:52.348  INFO [orders,6c52dfb366a22969,3205b6064ca40a19,false] 1 --- [TaskExecutor-24] w.w.s.orders.services.AsyncGetService    : Requesting: <GET http://user/customers/68f35ed59c10d300018b7011,{Accept=[application/hal+json]}>
2025-10-18 09:33:52.349  INFO [orders,6c52dfb366a22969,286e42abfb02fb17,false] 1 --- [TaskExecutor-23] w.w.s.orders.services.AsyncGetService    : Requesting: <GET http://user/addresses/68f35ed59c10d300018b7011,{Accept=[application/hal+json]}>
2025-10-18 09:33:52.410  INFO [orders,6c52dfb366a22969,f0ded64c67a3732b,false] 1 --- [TaskExecutor-25] w.w.s.orders.services.AsyncGetService    : Requesting with type: SyntheticParameterizedTypeReference<org.springframework.hateoas.mvc.TypeReferences$SyntheticParameterizedType@1857b3be>
2025-10-18 09:33:52.410  INFO [orders,6c52dfb366a22969,3205b6064ca40a19,false] 1 --- [TaskExecutor-24] w.w.s.orders.services.AsyncGetService    : Requesting with type: SyntheticParameterizedTypeReference<org.springframework.hateoas.mvc.TypeReferences$SyntheticParameterizedType@41286bfe>
2025-10-18 09:33:52.410  INFO [orders,6c52dfb366a22969,286e42abfb02fb17,false] 1 --- [TaskExecutor-23] w.w.s.orders.services.AsyncGetService    : Requesting with type: SyntheticParameterizedTypeReference<org.springframework.hateoas.mvc.TypeReferences$SyntheticParameterizedType@5301a390>
2025-10-18 09:33:52.713  INFO [orders,6c52dfb366a22969,f0ded64c67a3732b,false] 1 --- [TaskExecutor-25] w.w.s.orders.services.AsyncGetService    : Received: Resource { content: Card{id=null, longNum='123456789', expires='12/25', ccv='125'}, links: [<http://user/cards/68f35ed59c10d300018b7011>;rel="card", <http://user/cards/68f35ed59c10d300018b7011>;rel="self"] }
2025-10-18 09:33:52.713  INFO [orders,6c52dfb366a22969,286e42abfb02fb17,false] 1 --- [TaskExecutor-23] w.w.s.orders.services.AsyncGetService    : Received: Resource { content: Address{id=null, number='121', street='Banjara hills', city='charlotte', country='United States', postcode='28117'}, links: [<http://user/addresses/68f35ed59c10d300018b7011>;rel="address", <http://user/addresses/68f35ed59c10d300018b7011>;rel="self"] }
2025-10-18 09:33:52.715  INFO [orders,6c52dfb366a22969,3205b6064ca40a19,false] 1 --- [TaskExecutor-24] w.w.s.orders.services.AsyncGetService    : Received: Resource { content: Customer{id=null, firstName='abdul', lastName='ateeb', username='Abdul1', addresses=[], cards=[]}, links: [<http://user/customers/68f35ed59c10d300018b7011/addresses>;rel="addresses", <http://user/customers/68f35ed59c10d300018b7011/cards>;rel="cards", <http://user/customers/68f35ed59c10d300018b7011>;rel="customer", <http://user/customers/68f35ed59c10d300018b7011>;rel="self"] }
2025-10-18 09:33:52.723  INFO [orders,6c52dfb366a22969,28990a332203cc72,false] 1 --- [io-8080-exec-10] w.w.s.o.controllers.OrdersController     : Sending payment request: PaymentRequest{address=Address{id=null, number='121', street='Banjara hills', city='charlotte', country='United States', postcode='28117'}, card=Card{id=null, longNum='123456789', expires='12/25', ccv='125'}, customer=Customer{id=null, firstName='abdul', lastName='ateeb', username='Abdul1', addresses=[], cards=[]}}
2025-10-18 09:33:52.829  INFO [orders,6c52dfb366a22969,28990a332203cc72,false] 1 --- [io-8080-exec-10] w.w.s.o.controllers.OrdersController     : Received payment response: PaymentResponse{authorised=true, message=Payment authorised}
